#
# A fatal error has been detected by the Java Runtime Environment:
#
#  SIGSEGV (0xb) at pc=0x0000000131411f60, pid=23391, tid=0x0000000000000307
#
# JRE version: Java(TM) SE Runtime Environment (8.0_141-b15) (build 1.8.0_141-b15)
# Java VM: Java HotSpot(TM) 64-Bit Server VM (25.141-b15 mixed mode bsd-amd64 compressed oops)
# Problematic frame:
# C  [libjfxwebkit.dylib+0x4dbf60]  _ZN7WebCore14DocumentLoader16responseReceivedEPNS_14CachedResourceERKNS_16ResourceResponseE+0x2c0
#
# Failed to write core dump. Core dumps have been disabled. To enable core dumping, try "ulimit -c unlimited" before starting Java again
#
# If you would like to submit a bug report, please visit:
#   http://bugreport.java.com/bugreport/crash.jsp
# The crash happened outside the Java Virtual Machine in native code.
# See problematic frame for where to report the bug.
#

---------------  T H R E A D  ---------------

Current thread (0x00007fa73a04f800):  JavaThread "JavaFX Application Thread" [_thread_in_native, id=775, stack(0x00007ffeec0b7000,0x00007ffeec8b7000)]

siginfo: si_signo: 11 (SIGSEGV), si_code: 1 (SEGV_MAPERR), si_addr: 0x0000000000000038

Registers:
RAX=0x0000000000000000, RBX=0x000000013645bb90, RCX=0x0000000000000000, RDX=0x0000000000000000
RSP=0x00007ffeec8ae450, RBP=0x00007ffeec8ae570, RSI=0x000000013645bc10, RDI=0x00007ffeec8ae3e8
R8 =0x0000000000000009, R9 =0x0000000000000001, R10=0x0000000000000000, R11=0x000000013643b9c0
R12=0x000000013645bb90, R13=0x000000013643b9c0, R14=0x000000013643beb0, R15=0x00007fffa650c070
RIP=0x0000000131411f60, EFLAGS=0x0000000000010246, ERR=0x0000000000000004
  TRAPNO=0x000000000000000e

Top of Stack: (sp=0x00007ffeec8ae450)
0x00007ffeec8ae450:   00007ffeec8ae470 0000000136407940
0x00007ffeec8ae460:   00007ffeec8ae520 00007fff7374e361
0x00007ffeec8ae470:   000000005c0c995a 00000001000d5855
0x00007ffeec8ae480:   00007ffeec8ae4a0 00000001323a01a4
0x00007ffeec8ae490:   0000000000000000 00007ffeec8ae4c8
0x00007ffeec8ae4a0:   00007ffeec8ae4e8 000000013645bb90
0x00007ffeec8ae4b0:   00007ffeec8ae8d8 0000000000000000
0x00007ffeec8ae4c0:   00007ffeec8ae658 000000013645bc10
0x00007ffeec8ae4d0:   00007ffeec8ae520 0000000130f7a37b
0x00007ffeec8ae4e0:   0000000000000000 0000000000000000
0x00007ffeec8ae4f0:   0000000000000000 0000000000000000
0x00007ffeec8ae500:   000000013645bb90 00007ffeec8ae658
0x00007ffeec8ae510:   000000013645ba80 0000000136407940
0x00007ffeec8ae520:   00007ffeec8ae540 00007fff70dd7c43
0x00007ffeec8ae530:   000000005c0c995a 000000013239fe34
0x00007ffeec8ae540:   680059b0eae0003f 000000013645bb90
0x00007ffeec8ae550:   00007ffeec8ae8d8 0000000000000000
0x00007ffeec8ae560:   000000013645ba80 00007ffeec8ae580
0x00007ffeec8ae570:   00007ffeec8ae5c0 0000000131479aaf
0x00007ffeec8ae580:   000000013645ba88 000000012b96f978
0x00007ffeec8ae590:   0000000100000001 0000000000000001
0x00007ffeec8ae5a0:   000000013645ba80 00007fa73a04f9f8
0x00007ffeec8ae5b0:   00007ffeec8ae658 0000000136407940
0x00007ffeec8ae5c0:   00007ffeec8ae630 0000000131452994
0x00007ffeec8ae5d0:   00007ffeec8ae610 0000000131465212
0x00007ffeec8ae5e0:   0000000000000000 00007fa73a04f9f8
0x00007ffeec8ae5f0:   0000000136407940 00007ffeec8ae8d8
0x00007ffeec8ae600:   00007ffeec8ae658 00007fa73a04f9f8
0x00007ffeec8ae610:   00007ffeec8ae8d8 0000000000000000
0x00007ffeec8ae620:   00007ffeec8ae658 0000000000000000
0x00007ffeec8ae630:   00007ffeec8ae7e0 0000000131999cbd
0x00007ffeec8ae640:   00007ffeec8ae8b8 00007ffeec8ae8b0 

Instructions: (pc=0x0000000131411f60)
0x0000000131411f40:   89 ee 4c 89 f1 e8 e6 52 03 00 41 c6 85 50 0a 00
0x0000000131411f50:   00 01 49 83 bd 90 01 00 00 00 75 2e 49 8b 45 10
0x0000000131411f60:   48 8b 40 38 48 0f ba a0 f8 00 00 00 2d 73 2a 4c
0x0000000131411f70:   89 f7 e8 b9 52 1e 00 48 8b 38 48 8d 35 73 ae 07 

Register to memory mapping:

RAX=0x0000000000000000 is an unknown value
RBX=0x000000013645bb90 is an unknown value
RCX=0x0000000000000000 is an unknown value
RDX=0x0000000000000000 is an unknown value
RSP=0x00007ffeec8ae450 is pointing into the stack for thread: 0x00007fa73a04f800
RBP=0x00007ffeec8ae570 is pointing into the stack for thread: 0x00007fa73a04f800
RSI=0x000000013645bc10 is an unknown value
RDI=0x00007ffeec8ae3e8 is pointing into the stack for thread: 0x00007fa73a04f800
R8 =0x0000000000000009 is an unknown value
R9 =0x0000000000000001 is an unknown value
R10=0x0000000000000000 is an unknown value
R11=0x000000013643b9c0 is an unknown value
R12=0x000000013645bb90 is an unknown value
R13=0x000000013643b9c0 is an unknown value
R14=0x000000013643beb0 is an unknown value
R15=0x00007fffa650c070: __stack_chk_guard+0 in /usr/lib/system/libsystem_c.dylib at 0x00007fff7374d000


Stack: [0x00007ffeec0b7000,0x00007ffeec8b7000],  sp=0x00007ffeec8ae450,  free space=8157k
Native frames: (J=compiled Java code, j=interpreted, Vv=VM code, C=native code)
C  [libjfxwebkit.dylib+0x4dbf60]  _ZN7WebCore14DocumentLoader16responseReceivedEPNS_14CachedResourceERKNS_16ResourceResponseE+0x2c0
C  [libjfxwebkit.dylib+0x543aaf]  _ZN7WebCore17CachedRawResource16responseReceivedERKNS_16ResourceResponseE+0x8f
C  [libjfxwebkit.dylib+0x51c994]  _ZN7WebCore17SubresourceLoader18didReceiveResponseERKNS_16ResourceResponseE+0x2e4
C  [libjfxwebkit.dylib+0xa63cbd]  Java_com_sun_webkit_network_URLLoader_twkDidReceiveResponse+0x7d
j  com.sun.webkit.network.URLLoader.twkDidReceiveResponse(ILjava/lang/String;Ljava/lang/String;JLjava/lang/String;Ljava/lang/String;J)V+0
j  com.sun.webkit.network.URLLoader.notifyDidReceiveResponse(ILjava/lang/String;Ljava/lang/String;JLjava/lang/String;Ljava/lang/String;)V+91
j  com.sun.webkit.network.URLLoader.lambda$didReceiveResponse$101(ILjava/lang/String;Ljava/lang/String;JLjava/lang/String;Ljava/lang/String;)V+17
j  com.sun.webkit.network.URLLoader$$Lambda$636.run()V+28
j  com.sun.javafx.application.PlatformImpl.lambda$null$173(Ljava/lang/Runnable;)Ljava/lang/Void;+1
j  com.sun.javafx.application.PlatformImpl$$Lambda$49.run()Ljava/lang/Object;+4
v  ~StubRoutines::call_stub
V  [libjvm.dylib+0x2ee70a]
V  [libjvm.dylib+0x34ee68]
J 1570  java.security.AccessController.doPrivileged(Ljava/security/PrivilegedAction;Ljava/security/AccessControlContext;)Ljava/lang/Object; (0 bytes) @ 0x000000011278c455 [0x000000011278c380+0xd5]
j  com.sun.javafx.application.PlatformImpl.lambda$runLater$174(Ljava/lang/Runnable;Ljava/security/AccessControlContext;)V+7
j  com.sun.javafx.application.PlatformImpl$$Lambda$48.run()V+8
j  com.sun.glass.ui.InvokeLaterDispatcher$Future.run()V+4
v  ~StubRoutines::call_stub
V  [libjvm.dylib+0x2ee70a]
V  [libjvm.dylib+0x3258b9]
V  [libjvm.dylib+0x318087]
C  [libglass.dylib+0x456b]  -[GlassRunnable run]+0x6b
C  [Foundation+0xb1abb]  __NSThreadPerformPerform+0x147
C  [CoreFoundation+0x58155]  __CFRUNLOOP_IS_CALLING_OUT_TO_A_SOURCE0_PERFORM_FUNCTION__+0x11
C  [CoreFoundation+0x580fb]  __CFRunLoopDoSource0+0x6c
C  [CoreFoundation+0x3bb95]  __CFRunLoopDoSources0+0xc3
C  [CoreFoundation+0x3b13e]  __CFRunLoopRun+0x4c3
C  [CoreFoundation+0x3aa28]  CFRunLoopRunSpecific+0x1cf
C  [Foundation+0x1c3ba]  -[NSRunLoop(NSRunLoop) runMode:beforeDate:]+0x118
C  [libglass.dylib+0x66d8]  +[GlassApplication enterNestedEventLoopWithEnv:]+0x88
C  [libglass.dylib+0x713a]  Java_com_sun_glass_ui_mac_MacApplication__1enterNestedEventLoopImpl+0x4a
j  com.sun.glass.ui.mac.MacApplication._enterNestedEventLoopImpl()Ljava/lang/Object;+0
j  com.sun.glass.ui.mac.MacApplication._enterNestedEventLoop()Ljava/lang/Object;+15
j  com.sun.glass.ui.Application.enterNestedEventLoop()Ljava/lang/Object;+14
j  com.sun.glass.ui.EventLoop.enter()Ljava/lang/Object;+42
j  com.sun.javafx.tk.quantum.QuantumToolkit.enterNestedEventLoop(Ljava/lang/Object;)Ljava/lang/Object;+107
j  javafx.stage.Stage.showAndWait()V+93
j  djf.ui.dialogs.AppWebDialog.showWebDialog(Ljava/lang/String;)V+50
j  csg.files.CSGFiles.exportData(Ldjf/components/AppDataComponent;Ljava/lang/String;)V+8426
j  djf.ui.controllers.AppFileController.processExportRequest()V+31
j  djf.modules.AppGUIModule.lambda$initFileToolbar$4(Ljavafx/event/ActionEvent;)V+4
j  djf.modules.AppGUIModule$$Lambda$89.handle(Ljavafx/event/Event;)V+8
J 4017 C1 com.sun.javafx.event.CompositeEventHandler.dispatchBubblingEvent(Ljavafx/event/Event;)V (57 bytes) @ 0x0000000112f79814 [0x0000000112f79440+0x3d4]
J 3826 C1 com.sun.javafx.event.EventHandlerManager.dispatchBubblingEvent(Ljavafx/event/Event;)Ljavafx/event/Event; (23 bytes) @ 0x0000000112e74e24 [0x0000000112e74780+0x6a4]
J 1682 C1 com.sun.javafx.event.CompositeEventDispatcher.dispatchBubblingEvent(Ljavafx/event/Event;)Ljavafx/event/Event; (35 bytes) @ 0x00000001127ca95c [0x00000001127ca7a0+0x1bc]
J 1635 C1 com.sun.javafx.event.BasicEventDispatcher.dispatchEvent(Ljavafx/event/Event;Ljavafx/event/EventDispatchChain;)Ljavafx/event/Event; (44 bytes) @ 0x00000001127af63c [0x00000001127af300+0x33c]
J 1588 C1 com.sun.javafx.event.EventDispatchChainImpl.dispatchEvent(Ljavafx/event/Event;)Ljavafx/event/Event; (101 bytes) @ 0x0000000112791f54 [0x0000000112791da0+0x1b4]
J 1635 C1 com.sun.javafx.event.BasicEventDispatcher.dispatchEvent(Ljavafx/event/Event;Ljavafx/event/EventDispatchChain;)Ljavafx/event/Event; (44 bytes) @ 0x00000001127af554 [0x00000001127af300+0x254]
J 1588 C1 com.sun.javafx.event.EventDispatchChainImpl.dispatchEvent(Ljavafx/event/Event;)Ljavafx/event/Event; (101 bytes) @ 0x0000000112791f54 [0x0000000112791da0+0x1b4]
J 1635 C1 com.sun.javafx.event.BasicEventDispatcher.dispatchEvent(Ljavafx/event/Event;Ljavafx/event/EventDispatchChain;)Ljavafx/event/Event; (44 bytes) @ 0x00000001127af554 [0x00000001127af300+0x254]
J 1588 C1 com.sun.javafx.event.EventDispatchChainImpl.dispatchEvent(Ljavafx/event/Event;)Ljavafx/event/Event; (101 bytes) @ 0x0000000112791f54 [0x0000000112791da0+0x1b4]
J 4019 C1 com.sun.javafx.event.EventUtil.fireEvent(Ljavafx/event/EventTarget;Ljavafx/event/Event;)Ljavafx/event/Event; (81 bytes) @ 0x0000000112f7afac [0x0000000112f7a3c0+0xbec]
J 4018 C1 javafx.event.Event.fireEvent(Ljavafx/event/EventTarget;Ljavafx/event/Event;)V (35 bytes) @ 0x0000000112f79d6c [0x0000000112f79ca0+0xcc]
j  javafx.scene.Node.fireEvent(Ljavafx/event/Event;)V+86
j  javafx.scene.control.Button.fire()V+15
j  com.sun.javafx.scene.control.behavior.ButtonBehavior.mouseReleased(Ljavafx/scene/input/MouseEvent;)V+23
j  com.sun.javafx.scene.control.skin.BehaviorSkinBase$1.handle(Ljavafx/scene/input/MouseEvent;)V+83
j  com.sun.javafx.scene.control.skin.BehaviorSkinBase$1.handle(Ljavafx/event/Event;)V+5
J 4093 C1 com.sun.javafx.event.CompositeEventHandler$NormalEventHandlerRecord.handleBubblingEvent(Ljavafx/event/Event;)V (11 bytes) @ 0x0000000112fb010c [0x0000000112fb0000+0x10c]
J 4017 C1 com.sun.javafx.event.CompositeEventHandler.dispatchBubblingEvent(Ljavafx/event/Event;)V (57 bytes) @ 0x0000000112f79684 [0x0000000112f79440+0x244]
J 3826 C1 com.sun.javafx.event.EventHandlerManager.dispatchBubblingEvent(Ljavafx/event/Event;)Ljavafx/event/Event; (23 bytes) @ 0x0000000112e74e24 [0x0000000112e74780+0x6a4]
J 1682 C1 com.sun.javafx.event.CompositeEventDispatcher.dispatchBubblingEvent(Ljavafx/event/Event;)Ljavafx/event/Event; (35 bytes) @ 0x00000001127ca95c [0x00000001127ca7a0+0x1bc]
J 1635 C1 com.sun.javafx.event.BasicEventDispatcher.dispatchEvent(Ljavafx/event/Event;Ljavafx/event/EventDispatchChain;)Ljavafx/event/Event; (44 bytes) @ 0x00000001127af63c [0x00000001127af300+0x33c]
J 1588 C1 com.sun.javafx.event.EventDispatchChainImpl.dispatchEvent(Ljavafx/event/Event;)Ljavafx/event/Event; (101 bytes) @ 0x0000000112791f54 [0x0000000112791da0+0x1b4]
J 1635 C1 com.sun.javafx.event.BasicEventDispatcher.dispatchEvent(Ljavafx/event/Event;Ljavafx/event/EventDispatchChain;)Ljavafx/event/Event; (44 bytes) @ 0x00000001127af554 [0x00000001127af300+0x254]
J 1588 C1 com.sun.javafx.event.EventDispatchChainImpl.dispatchEvent(Ljavafx/event/Event;)Ljavafx/event/Event; (101 bytes) @ 0x0000000112791f54 [0x0000000112791da0+0x1b4]
J 1635 C1 com.sun.javafx.event.BasicEventDispatcher.dispatchEvent(Ljavafx/event/Event;Ljavafx/event/EventDispatchChain;)Ljavafx/event/Event; (44 bytes) @ 0x00000001127af554 [0x00000001127af300+0x254]
J 1588 C1 com.sun.javafx.event.EventDispatchChainImpl.dispatchEvent(Ljavafx/event/Event;)Ljavafx/event/Event; (101 bytes) @ 0x0000000112791f54 [0x0000000112791da0+0x1b4]
J 4019 C1 com.sun.javafx.event.EventUtil.fireEvent(Ljavafx/event/EventTarget;Ljavafx/event/Event;)Ljavafx/event/Event; (81 bytes) @ 0x0000000112f7aafc [0x0000000112f7a3c0+0x73c]
J 4018 C1 javafx.event.Event.fireEvent(Ljavafx/event/EventTarget;Ljavafx/event/Event;)V (35 bytes) @ 0x0000000112f79d6c [0x0000000112f79ca0+0xcc]
j  javafx.scene.Scene$MouseHandler.process(Ljavafx/scene/input/MouseEvent;Z)V+491
J 4186 C1 javafx.scene.Scene$MouseHandler.access$1500(Ljavafx/scene/Scene$MouseHandler;Ljavafx/scene/input/MouseEvent;Z)V (7 bytes) @ 0x000000011300465c [0x0000000113004600+0x5c]
j  javafx.scene.Scene.impl_processMouseEvent(Ljavafx/scene/input/MouseEvent;)V+6
j  javafx.scene.Scene$ScenePeerListener.mouseEvent(Ljavafx/event/EventType;DDDDLjavafx/scene/input/MouseButton;ZZZZZZZZZ)V+46
j  com.sun.javafx.tk.quantum.GlassViewEventHandler$MouseEventNotification.run()Ljava/lang/Void;+514
j  com.sun.javafx.tk.quantum.GlassViewEventHandler$MouseEventNotification.run()Ljava/lang/Object;+1
v  ~StubRoutines::call_stub
V  [libjvm.dylib+0x2ee70a]
V  [libjvm.dylib+0x34ee68]
J 1570  java.security.AccessController.doPrivileged(Ljava/security/PrivilegedAction;Ljava/security/AccessControlContext;)Ljava/lang/Object; (0 bytes) @ 0x000000011278c455 [0x000000011278c380+0xd5]
j  com.sun.javafx.tk.quantum.GlassViewEventHandler.lambda$handleMouseEvent$354()Ljava/lang/Void;+11
j  com.sun.javafx.tk.quantum.GlassViewEventHandler$$Lambda$322.get()Ljava/lang/Object;+4
J 1578 C1 com.sun.javafx.tk.quantum.QuantumToolkit.runWithoutRenderLock(Ljava/util/function/Supplier;)Ljava/lang/Object; (49 bytes) @ 0x000000011278e6b4 [0x000000011278e180+0x534]
j  com.sun.javafx.tk.quantum.GlassViewEventHandler.handleMouseEvent(Lcom/sun/glass/ui/View;JIIIIIIIZZ)V+103
j  com.sun.glass.ui.View.handleMouseEvent(JIIIIIIIZZ)V+30
j  com.sun.glass.ui.View.notifyMouse(IIIIIIIZZ)V+181
v  ~StubRoutines::call_stub
V  [libjvm.dylib+0x2ee70a]
V  [libjvm.dylib+0x3258b9]
V  [libjvm.dylib+0x318087]
C  [libglass.dylib+0x2055c]  -[GlassViewDelegate sendJavaMouseEvent:]+0x86c
C  [AppKit+0x189bf8]  -[NSWindow(NSEventRouting) _reallySendEvent:isDelayedEvent:]+0x77c
C  [AppKit+0x189231]  -[NSWindow(NSEventRouting) sendEvent:]+0x1e1
C  [libglass.dylib+0x25994]  -[GlassWindow_Normal sendEvent:]+0x74
C  [AppKit+0x264a8]  -[NSApplication(NSEvent) sendEvent:]+0x150
C  [AppKit+0x13cf1]  -[NSApplication run]+0x2f3
C  [libglass.dylib+0x651c]  -[GlassApplication runLoop:]+0x72c
C  [Foundation+0xb1abb]  __NSThreadPerformPerform+0x147
C  [CoreFoundation+0x58155]  __CFRUNLOOP_IS_CALLING_OUT_TO_A_SOURCE0_PERFORM_FUNCTION__+0x11
C  [CoreFoundation+0x580fb]  __CFRunLoopDoSource0+0x6c
...<more frames>...

Java frames: (J=compiled Java code, j=interpreted, Vv=VM code)
j  com.sun.webkit.network.URLLoader.twkDidReceiveResponse(ILjava/lang/String;Ljava/lang/String;JLjava/lang/String;Ljava/lang/String;J)V+0
j  com.sun.webkit.network.URLLoader.notifyDidReceiveResponse(ILjava/lang/String;Ljava/lang/String;JLjava/lang/String;Ljava/lang/String;)V+91
j  com.sun.webkit.network.URLLoader.lambda$didReceiveResponse$101(ILjava/lang/String;Ljava/lang/String;JLjava/lang/String;Ljava/lang/String;)V+17
j  com.sun.webkit.network.URLLoader$$Lambda$636.run()V+28
j  com.sun.javafx.application.PlatformImpl.lambda$null$173(Ljava/lang/Runnable;)Ljava/lang/Void;+1
j  com.sun.javafx.application.PlatformImpl$$Lambda$49.run()Ljava/lang/Object;+4
v  ~StubRoutines::call_stub
J 1570  java.security.AccessController.doPrivileged(Ljava/security/PrivilegedAction;Ljava/security/AccessControlContext;)Ljava/lang/Object; (0 bytes) @ 0x000000011278c3e3 [0x000000011278c380+0x63]
j  com.sun.javafx.application.PlatformImpl.lambda$runLater$174(Ljava/lang/Runnable;Ljava/security/AccessControlContext;)V+7
j  com.sun.javafx.application.PlatformImpl$$Lambda$48.run()V+8
j  com.sun.glass.ui.InvokeLaterDispatcher$Future.run()V+4
v  ~StubRoutines::call_stub
j  com.sun.glass.ui.mac.MacApplication._enterNestedEventLoopImpl()Ljava/lang/Object;+0
j  com.sun.glass.ui.mac.MacApplication._enterNestedEventLoop()Ljava/lang/Object;+15
j  com.sun.glass.ui.Application.enterNestedEventLoop()Ljava/lang/Object;+14
j  com.sun.glass.ui.EventLoop.enter()Ljava/lang/Object;+42
j  com.sun.javafx.tk.quantum.QuantumToolkit.enterNestedEventLoop(Ljava/lang/Object;)Ljava/lang/Object;+107
j  javafx.stage.Stage.showAndWait()V+93
j  djf.ui.dialogs.AppWebDialog.showWebDialog(Ljava/lang/String;)V+50
j  csg.files.CSGFiles.exportData(Ldjf/components/AppDataComponent;Ljava/lang/String;)V+8426
j  djf.ui.controllers.AppFileController.processExportRequest()V+31
j  djf.modules.AppGUIModule.lambda$initFileToolbar$4(Ljavafx/event/ActionEvent;)V+4
j  djf.modules.AppGUIModule$$Lambda$89.handle(Ljavafx/event/Event;)V+8
J 4017 C1 com.sun.javafx.event.CompositeEventHandler.dispatchBubblingEvent(Ljavafx/event/Event;)V (57 bytes) @ 0x0000000112f79814 [0x0000000112f79440+0x3d4]
J 3826 C1 com.sun.javafx.event.EventHandlerManager.dispatchBubblingEvent(Ljavafx/event/Event;)Ljavafx/event/Event; (23 bytes) @ 0x0000000112e74e24 [0x0000000112e74780+0x6a4]
J 1682 C1 com.sun.javafx.event.CompositeEventDispatcher.dispatchBubblingEvent(Ljavafx/event/Event;)Ljavafx/event/Event; (35 bytes) @ 0x00000001127ca95c [0x00000001127ca7a0+0x1bc]
J 1635 C1 com.sun.javafx.event.BasicEventDispatcher.dispatchEvent(Ljavafx/event/Event;Ljavafx/event/EventDispatchChain;)Ljavafx/event/Event; (44 bytes) @ 0x00000001127af63c [0x00000001127af300+0x33c]
J 1588 C1 com.sun.javafx.event.EventDispatchChainImpl.dispatchEvent(Ljavafx/event/Event;)Ljavafx/event/Event; (101 bytes) @ 0x0000000112791f54 [0x0000000112791da0+0x1b4]
J 1635 C1 com.sun.javafx.event.BasicEventDispatcher.dispatchEvent(Ljavafx/event/Event;Ljavafx/event/EventDispatchChain;)Ljavafx/event/Event; (44 bytes) @ 0x00000001127af554 [0x00000001127af300+0x254]
J 1588 C1 com.sun.javafx.event.EventDispatchChainImpl.dispatchEvent(Ljavafx/event/Event;)Ljavafx/event/Event; (101 bytes) @ 0x0000000112791f54 [0x0000000112791da0+0x1b4]
J 1635 C1 com.sun.javafx.event.BasicEventDispatcher.dispatchEvent(Ljavafx/event/Event;Ljavafx/event/EventDispatchChain;)Ljavafx/event/Event; (44 bytes) @ 0x00000001127af554 [0x00000001127af300+0x254]
J 1588 C1 com.sun.javafx.event.EventDispatchChainImpl.dispatchEvent(Ljavafx/event/Event;)Ljavafx/event/Event; (101 bytes) @ 0x0000000112791f54 [0x0000000112791da0+0x1b4]
J 4019 C1 com.sun.javafx.event.EventUtil.fireEvent(Ljavafx/event/EventTarget;Ljavafx/event/Event;)Ljavafx/event/Event; (81 bytes) @ 0x0000000112f7afac [0x0000000112f7a3c0+0xbec]
J 4018 C1 javafx.event.Event.fireEvent(Ljavafx/event/EventTarget;Ljavafx/event/Event;)V (35 bytes) @ 0x0000000112f79d6c [0x0000000112f79ca0+0xcc]
j  javafx.scene.Node.fireEvent(Ljavafx/event/Event;)V+86
j  javafx.scene.control.Button.fire()V+15
j  com.sun.javafx.scene.control.behavior.ButtonBehavior.mouseReleased(Ljavafx/scene/input/MouseEvent;)V+23
j  com.sun.javafx.scene.control.skin.BehaviorSkinBase$1.handle(Ljavafx/scene/input/MouseEvent;)V+83
j  com.sun.javafx.scene.control.skin.BehaviorSkinBase$1.handle(Ljavafx/event/Event;)V+5
J 4093 C1 com.sun.javafx.event.CompositeEventHandler$NormalEventHandlerRecord.handleBubblingEvent(Ljavafx/event/Event;)V (11 bytes) @ 0x0000000112fb010c [0x0000000112fb0000+0x10c]
J 4017 C1 com.sun.javafx.event.CompositeEventHandler.dispatchBubblingEvent(Ljavafx/event/Event;)V (57 bytes) @ 0x0000000112f79684 [0x0000000112f79440+0x244]
J 3826 C1 com.sun.javafx.event.EventHandlerManager.dispatchBubblingEvent(Ljavafx/event/Event;)Ljavafx/event/Event; (23 bytes) @ 0x0000000112e74e24 [0x0000000112e74780+0x6a4]
J 1682 C1 com.sun.javafx.event.CompositeEventDispatcher.dispatchBubblingEvent(Ljavafx/event/Event;)Ljavafx/event/Event; (35 bytes) @ 0x00000001127ca95c [0x00000001127ca7a0+0x1bc]
J 1635 C1 com.sun.javafx.event.BasicEventDispatcher.dispatchEvent(Ljavafx/event/Event;Ljavafx/event/EventDispatchChain;)Ljavafx/event/Event; (44 bytes) @ 0x00000001127af63c [0x00000001127af300+0x33c]
J 1588 C1 com.sun.javafx.event.EventDispatchChainImpl.dispatchEvent(Ljavafx/event/Event;)Ljavafx/event/Event; (101 bytes) @ 0x0000000112791f54 [0x0000000112791da0+0x1b4]
J 1635 C1 com.sun.javafx.event.BasicEventDispatcher.dispatchEvent(Ljavafx/event/Event;Ljavafx/event/EventDispatchChain;)Ljavafx/event/Event; (44 bytes) @ 0x00000001127af554 [0x00000001127af300+0x254]
J 1588 C1 com.sun.javafx.event.EventDispatchChainImpl.dispatchEvent(Ljavafx/event/Event;)Ljavafx/event/Event; (101 bytes) @ 0x0000000112791f54 [0x0000000112791da0+0x1b4]
J 1635 C1 com.sun.javafx.event.BasicEventDispatcher.dispatchEvent(Ljavafx/event/Event;Ljavafx/event/EventDispatchChain;)Ljavafx/event/Event; (44 bytes) @ 0x00000001127af554 [0x00000001127af300+0x254]
J 1588 C1 com.sun.javafx.event.EventDispatchChainImpl.dispatchEvent(Ljavafx/event/Event;)Ljavafx/event/Event; (101 bytes) @ 0x0000000112791f54 [0x0000000112791da0+0x1b4]
J 4019 C1 com.sun.javafx.event.EventUtil.fireEvent(Ljavafx/event/EventTarget;Ljavafx/event/Event;)Ljavafx/event/Event; (81 bytes) @ 0x0000000112f7aafc [0x0000000112f7a3c0+0x73c]
J 4018 C1 javafx.event.Event.fireEvent(Ljavafx/event/EventTarget;Ljavafx/event/Event;)V (35 bytes) @ 0x0000000112f79d6c [0x0000000112f79ca0+0xcc]
j  javafx.scene.Scene$MouseHandler.process(Ljavafx/scene/input/MouseEvent;Z)V+491
J 4186 C1 javafx.scene.Scene$MouseHandler.access$1500(Ljavafx/scene/Scene$MouseHandler;Ljavafx/scene/input/MouseEvent;Z)V (7 bytes) @ 0x000000011300465c [0x0000000113004600+0x5c]
j  javafx.scene.Scene.impl_processMouseEvent(Ljavafx/scene/input/MouseEvent;)V+6
j  javafx.scene.Scene$ScenePeerListener.mouseEvent(Ljavafx/event/EventType;DDDDLjavafx/scene/input/MouseButton;ZZZZZZZZZ)V+46
j  com.sun.javafx.tk.quantum.GlassViewEventHandler$MouseEventNotification.run()Ljava/lang/Void;+514
j  com.sun.javafx.tk.quantum.GlassViewEventHandler$MouseEventNotification.run()Ljava/lang/Object;+1
v  ~StubRoutines::call_stub
J 1570  java.security.AccessController.doPrivileged(Ljava/security/PrivilegedAction;Ljava/security/AccessControlContext;)Ljava/lang/Object; (0 bytes) @ 0x000000011278c3e3 [0x000000011278c380+0x63]
j  com.sun.javafx.tk.quantum.GlassViewEventHandler.lambda$handleMouseEvent$354()Ljava/lang/Void;+11
j  com.sun.javafx.tk.quantum.GlassViewEventHandler$$Lambda$322.get()Ljava/lang/Object;+4
J 1578 C1 com.sun.javafx.tk.quantum.QuantumToolkit.runWithoutRenderLock(Ljava/util/function/Supplier;)Ljava/lang/Object; (49 bytes) @ 0x000000011278e6b4 [0x000000011278e180+0x534]
j  com.sun.javafx.tk.quantum.GlassViewEventHandler.handleMouseEvent(Lcom/sun/glass/ui/View;JIIIIIIIZZ)V+103
j  com.sun.glass.ui.View.handleMouseEvent(JIIIIIIIZZ)V+30
j  com.sun.glass.ui.View.notifyMouse(IIIIIIIZZ)V+181
v  ~StubRoutines::call_stub

---------------  P R O C E S S  ---------------

Java Threads: ( => current thread )
  0x00007fa73e172000 JavaThread "URL-Loader-13" daemon [_thread_blocked, id=124675, stack(0x0000700011142000,0x0000700011242000)]
  0x00007fa738c8a800 JavaThread "URL-Loader-12" daemon [_thread_blocked, id=91395, stack(0x000070001103f000,0x000070001113f000)]
  0x00007fa73aad3000 JavaThread "URL-Loader-11" daemon [_thread_blocked, id=125187, stack(0x0000700010f3c000,0x000070001103c000)]
  0x00007fa73e171800 JavaThread "URL-Loader-10" daemon [_thread_blocked, id=90883, stack(0x0000700010e39000,0x0000700010f39000)]
  0x00007fa73aad2800 JavaThread "URL-Loader-9" daemon [_thread_blocked, id=125699, stack(0x0000700010d36000,0x0000700010e36000)]
  0x00007fa73d922800 JavaThread "URL-Loader-8" daemon [_thread_blocked, id=126211, stack(0x0000700010c33000,0x0000700010d33000)]
  0x00007fa73db46000 JavaThread "URL-Loader-7" daemon [_thread_blocked, id=126727, stack(0x0000700010b30000,0x0000700010c30000)]
  0x00007fa73db37800 JavaThread "URL-Loader-6" daemon [_thread_blocked, id=69935, stack(0x000070001079e000,0x000070001089e000)]
  0x00007fa73830a000 JavaThread "URL-Loader-5" daemon [_thread_blocked, id=88855, stack(0x000070001069b000,0x000070001079b000)]
  0x00007fa73ea9f800 JavaThread "URL-Loader-4" daemon [_thread_blocked, id=67635, stack(0x0000700010598000,0x0000700010698000)]
  0x00007fa73ea9f000 JavaThread "URL-Loader-3" daemon [_thread_blocked, id=72971, stack(0x0000700010495000,0x0000700010595000)]
  0x00007fa73da5f800 JavaThread "URL-Loader-2" daemon [_thread_blocked, id=90127, stack(0x0000700010392000,0x0000700010492000)]
  0x00007fa73f101000 JavaThread "URL-Loader-1" daemon [_thread_blocked, id=130831, stack(0x000070001028f000,0x000070001038f000)]
  0x00007fa73f31f800 JavaThread "Disposer" daemon [_thread_blocked, id=87559, stack(0x000070001018c000,0x000070001028c000)]
  0x00007fa7389f9800 JavaThread "Prism Font Disposer" daemon [_thread_blocked, id=59195, stack(0x0000700010006000,0x0000700010106000)]
  0x00007fa7389e2800 JavaThread "Java2D Queue Flusher" daemon [_thread_blocked, id=58375, stack(0x000070000ff03000,0x0000700010003000)]
  0x00007fa738a36800 JavaThread "Java2D Disposer" daemon [_thread_blocked, id=57623, stack(0x000070000fe00000,0x000070000ff00000)]
  0x00007fa739010000 JavaThread "JavaFX-Launcher" [_thread_blocked, id=81411, stack(0x000070000fc7a000,0x000070000fd7a000)]
  0x00007fa73a9d3000 JavaThread "Thread-3" daemon [_thread_in_native, id=43523, stack(0x000070000fb74000,0x000070000fbf4000)]
=>0x00007fa73a04f800 JavaThread "JavaFX Application Thread" [_thread_in_native, id=775, stack(0x00007ffeec0b7000,0x00007ffeec8b7000)]
  0x00007fa73a9b7800 JavaThread "Thread-1" daemon [_thread_blocked, id=38147, stack(0x000070000f7e2000,0x000070000f8e2000)]
  0x00007fa738158800 JavaThread "QuantumRenderer-0" daemon [_thread_blocked, id=21763, stack(0x000070000f6df000,0x000070000f7df000)]
  0x00007fa73a82b800 JavaThread "Service Thread" daemon [_thread_blocked, id=15875, stack(0x000070000f4d9000,0x000070000f5d9000)]
  0x00007fa73a831000 JavaThread "C1 CompilerThread3" daemon [_thread_blocked, id=15363, stack(0x000070000f3d6000,0x000070000f4d6000)]
  0x00007fa73880e000 JavaThread "C2 CompilerThread2" daemon [_thread_blocked, id=14851, stack(0x000070000f2d3000,0x000070000f3d3000)]
  0x00007fa73a82d800 JavaThread "C2 CompilerThread1" daemon [_thread_blocked, id=14339, stack(0x000070000f1d0000,0x000070000f2d0000)]
  0x00007fa738063000 JavaThread "C2 CompilerThread0" daemon [_thread_blocked, id=13827, stack(0x000070000f0cd000,0x000070000f1cd000)]
  0x00007fa73804c000 JavaThread "Signal Dispatcher" daemon [_thread_blocked, id=16899, stack(0x000070000efca000,0x000070000f0ca000)]
  0x00007fa738006800 JavaThread "Finalizer" daemon [_thread_blocked, id=18947, stack(0x000070000eec7000,0x000070000efc7000)]
  0x00007fa73a828000 JavaThread "Reference Handler" daemon [_thread_blocked, id=19459, stack(0x000070000edc4000,0x000070000eec4000)]
  0x00007fa738002000 JavaThread "main" [_thread_blocked, id=10243, stack(0x000070000e3a6000,0x000070000e4a6000)]

Other Threads:
  0x00007fa73882e800 VMThread [stack: 0x000070000ecc1000,0x000070000edc1000] [id=19715]
  0x00007fa738062000 WatcherThread [stack: 0x000070000f5dc000,0x000070000f6dc000] [id=16131]

VM state:not at safepoint (normal execution)

VM Mutex/Monitor currently owned by a thread: None

Heap:
 PSYoungGen      total 76288K, used 52557K [0x000000076ab00000, 0x0000000770f00000, 0x00000007c0000000)
  eden space 65536K, 63% used [0x000000076ab00000,0x000000076d3db660,0x000000076eb00000)
  from space 10752K, 99% used [0x000000076f580000,0x000000076fff8010,0x0000000770000000)
  to   space 10752K, 0% used [0x000000076eb00000,0x000000076eb00000,0x000000076f580000)
 ParOldGen       total 121856K, used 18577K [0x00000006c0000000, 0x00000006c7700000, 0x000000076ab00000)
  object space 121856K, 15% used [0x00000006c0000000,0x00000006c1224550,0x00000006c7700000)
 Metaspace       used 32577K, capacity 34822K, committed 35072K, reserved 1079296K
  class space    used 4435K, capacity 4860K, committed 4864K, reserved 1048576K

Card table byte_map: [0x0000000105778000,0x0000000105f79000] byte_map_base: 0x0000000102178000

Marking Bits: (ParMarkBitMap*) 0x0000000104cf35d0
 Begin Bits: [0x00000001064cf000, 0x000000010a4cf000)
 End Bits:   [0x000000010a4cf000, 0x000000010e4cf000)

Polling page: 0x00000001033bb000

CodeCache: size=245760Kb used=15932Kb max_used=15938Kb free=229827Kb
 bounds [0x000000011224f000, 0x00000001131ef000, 0x000000012124f000]
 total_blobs=5665 nmethods=4791 adapters=785
 compilation: enabled

Compilation events (10 events):
Event: 8.810 Thread 0x00007fa73a831000 4849       3       sun.util.calendar.BaseCalendar$Date::hit (24 bytes)
Event: 8.810 Thread 0x00007fa73a831000 nmethod 4849 0x00000001131dc010 code [0x00000001131dc180, 0x00000001131dc370]
Event: 8.810 Thread 0x00007fa73a831000 4850       1       javafx.scene.Scene::access$3000 (5 bytes)
Event: 8.811 Thread 0x00007fa73a831000 nmethod 4850 0x00000001131dbd50 code [0x00000001131dbea0, 0x00000001131dbf90]
Event: 8.812 Thread 0x00007fa73a831000 4852       3       com.sun.javafx.text.TextRun::getPosX (132 bytes)
Event: 8.812 Thread 0x00007fa738063000 4855       4       java.lang.StringBuilder::length (5 bytes)
Event: 8.812 Thread 0x00007fa73a831000 nmethod 4852 0x00000001131db210 code [0x00000001131db3c0, 0x00000001131db8e8]
Event: 8.812 Thread 0x00007fa73a831000 4854       3       java.util.Calendar::internalGet (7 bytes)
Event: 8.812 Thread 0x00007fa73a831000 nmethod 4854 0x00000001131dae50 code [0x00000001131dafc0, 0x00000001131db130]
Event: 8.812 Thread 0x00007fa73a831000 4856       3       com.sun.javafx.sg.prism.NGDefaultCamera::validate (71 bytes)

GC Heap History (6 events):
Event: 1.613 GC heap before
{Heap before GC invocations=1 (full 0):
 PSYoungGen      total 76288K, used 52566K [0x000000076ab00000, 0x0000000770000000, 0x00000007c0000000)
  eden space 65536K, 80% used [0x000000076ab00000,0x000000076de558b8,0x000000076eb00000)
  from space 10752K, 0% used [0x000000076f580000,0x000000076f580000,0x0000000770000000)
  to   space 10752K, 0% used [0x000000076eb00000,0x000000076eb00000,0x000000076f580000)
 ParOldGen       total 175104K, used 0K [0x00000006c0000000, 0x00000006cab00000, 0x000000076ab00000)
  object space 175104K, 0% used [0x00000006c0000000,0x00000006c0000000,0x00000006cab00000)
 Metaspace       used 20118K, capacity 21204K, committed 21248K, reserved 1067008K
  class space    used 2827K, capacity 3052K, committed 3072K, reserved 1048576K
Event: 1.625 GC heap after
Heap after GC invocations=1 (full 0):
 PSYoungGen      total 76288K, used 8649K [0x000000076ab00000, 0x0000000770000000, 0x00000007c0000000)
  eden space 65536K, 0% used [0x000000076ab00000,0x000000076ab00000,0x000000076eb00000)
  from space 10752K, 80% used [0x000000076eb00000,0x000000076f3724e0,0x000000076f580000)
  to   space 10752K, 0% used [0x000000076f580000,0x000000076f580000,0x0000000770000000)
 ParOldGen       total 175104K, used 88K [0x00000006c0000000, 0x00000006cab00000, 0x000000076ab00000)
  object space 175104K, 0% used [0x00000006c0000000,0x00000006c0016010,0x00000006cab00000)
 Metaspace       used 20118K, capacity 21204K, committed 21248K, reserved 1067008K
  class space    used 2827K, capacity 3052K, committed 3072K, reserved 1048576K
}
Event: 1.625 GC heap before
{Heap before GC invocations=2 (full 1):
 PSYoungGen      total 76288K, used 8649K [0x000000076ab00000, 0x0000000770000000, 0x00000007c0000000)
  eden space 65536K, 0% used [0x000000076ab00000,0x000000076ab00000,0x000000076eb00000)
  from space 10752K, 80% used [0x000000076eb00000,0x000000076f3724e0,0x000000076f580000)
  to   space 10752K, 0% used [0x000000076f580000,0x000000076f580000,0x0000000770000000)
 ParOldGen       total 175104K, used 88K [0x00000006c0000000, 0x00000006cab00000, 0x000000076ab00000)
  object space 175104K, 0% used [0x00000006c0000000,0x00000006c0016010,0x00000006cab00000)
 Metaspace       used 20118K, capacity 21204K, committed 21248K, reserved 1067008K
  class space    used 2827K, capacity 3052K, committed 3072K, reserved 1048576K
Event: 1.653 GC heap after
Heap after GC invocations=2 (full 1):
 PSYoungGen      total 76288K, used 0K [0x000000076ab00000, 0x0000000770000000, 0x00000007c0000000)
  eden space 65536K, 0% used [0x000000076ab00000,0x000000076ab00000,0x000000076eb00000)
  from space 10752K, 0% used [0x000000076eb00000,0x000000076eb00000,0x000000076f580000)
  to   space 10752K, 0% used [0x000000076f580000,0x000000076f580000,0x0000000770000000)
 ParOldGen       total 121856K, used 8514K [0x00000006c0000000, 0x00000006c7700000, 0x000000076ab00000)
  object space 121856K, 6% used [0x00000006c0000000,0x00000006c0850b68,0x00000006c7700000)
 Metaspace       used 20118K, capacity 21204K, committed 21248K, reserved 1067008K
  class space    used 2827K, capacity 3052K, committed 3072K, reserved 1048576K
}
Event: 5.917 GC heap before
{Heap before GC invocations=3 (full 1):
 PSYoungGen      total 76288K, used 65536K [0x000000076ab00000, 0x0000000770000000, 0x00000007c0000000)
  eden space 65536K, 100% used [0x000000076ab00000,0x000000076eb00000,0x000000076eb00000)
  from space 10752K, 0% used [0x000000076eb00000,0x000000076eb00000,0x000000076f580000)
  to   space 10752K, 0% used [0x000000076f580000,0x000000076f580000,0x0000000770000000)
 ParOldGen       total 121856K, used 8514K [0x00000006c0000000, 0x00000006c7700000, 0x000000076ab00000)
  object space 121856K, 6% used [0x00000006c0000000,0x00000006c0850b68,0x00000006c7700000)
 Metaspace       used 26212K, capacity 28314K, committed 28544K, reserved 1073152K
  class space    used 3723K, capacity 4116K, committed 4224K, reserved 1048576K
Event: 5.933 GC heap after
Heap after GC invocations=3 (full 1):
 PSYoungGen      total 76288K, used 10720K [0x000000076ab00000, 0x0000000770f00000, 0x00000007c0000000)
  eden space 65536K, 0% used [0x000000076ab00000,0x000000076ab00000,0x000000076eb00000)
  from space 10752K, 99% used [0x000000076f580000,0x000000076fff8010,0x0000000770000000)
  to   space 10752K, 0% used [0x000000076eb00000,0x000000076eb00000,0x000000076f580000)
 ParOldGen       total 121856K, used 18577K [0x00000006c0000000, 0x00000006c7700000, 0x000000076ab00000)
  object space 121856K, 15% used [0x00000006c0000000,0x00000006c1224550,0x00000006c7700000)
 Metaspace       used 26212K, capacity 28314K, committed 28544K, reserved 1073152K
  class space    used 3723K, capacity 4116K, committed 4224K, reserved 1048576K
}

Deoptimization events (10 events):
Event: 8.627 Thread 0x00007fa73db37800 Uncommon trap: reason=unstable_if action=reinterpret pc=0x0000000112367e9c method=java.lang.CharacterDataLatin1.digit(II)I @ 82
Event: 8.627 Thread 0x00007fa73db37800 Uncommon trap: reason=class_check action=maybe_recompile pc=0x000000011273a29c method=java.io.DataInputStream.readChar()C @ 4
Event: 8.627 Thread 0x00007fa73db37800 Uncommon trap: reason=class_check action=maybe_recompile pc=0x000000011273a29c method=java.io.DataInputStream.readChar()C @ 4
Event: 8.627 Thread 0x00007fa73db37800 Uncommon trap: reason=class_check action=maybe_recompile pc=0x000000011273a29c method=java.io.DataInputStream.readChar()C @ 4
Event: 8.628 Thread 0x00007fa73db37800 Uncommon trap: reason=class_check action=maybe_recompile pc=0x000000011273a29c method=java.io.DataInputStream.readChar()C @ 4
Event: 8.670 Thread 0x00007fa73db37800 Uncommon trap: reason=unstable_if action=reinterpret pc=0x000000011313f1bc method=java.util.Arrays.equals([B[B)Z @ 41
Event: 8.670 Thread 0x00007fa73db37800 Uncommon trap: reason=unstable_if action=reinterpret pc=0x000000011235d6a0 method=java.lang.String.indexOf([CII[CIII)I @ 27
Event: 8.670 Thread 0x00007fa73db37800 Uncommon trap: reason=unstable_if action=reinterpret pc=0x0000000112a9bd68 method=java.lang.String.substring(I)Ljava/lang/String; @ 35
Event: 8.715 Thread 0x00007fa73db37800 Uncommon trap: reason=predicate action=maybe_recompile pc=0x0000000112fcc5e4 method=java.util.regex.Pattern$Slice.match(Ljava/util/regex/Matcher;ILjava/lang/CharSequence;)Z @ 21
Event: 8.769 Thread 0x00007fa73db37800 Uncommon trap: reason=bimorphic action=maybe_recompile pc=0x0000000112ffdeb8 method=java.net.URL.<init>(Ljava/net/URL;Ljava/lang/String;Ljava/net/URLStreamHandler;)V @ 504

Internal exceptions (10 events):
Event: 5.717 Thread 0x00007fa73a04f800 Exception <a 'java/io/FileNotFoundException'> (0x000000076d8713b8) thrown at [/Users/java_re/workspace/8-2-build-macosx-x86_64/jdk8u141/9370/hotspot/src/share/vm/prims/jni.cpp, line 709]
Event: 5.719 Thread 0x00007fa73a04f800 Exception <a 'java/io/FileNotFoundException'> (0x000000076d8ba3b8) thrown at [/Users/java_re/workspace/8-2-build-macosx-x86_64/jdk8u141/9370/hotspot/src/share/vm/prims/jni.cpp, line 709]
Event: 5.720 Thread 0x00007fa73a04f800 Exception <a 'java/io/FileNotFoundException'> (0x000000076d8ceef0) thrown at [/Users/java_re/workspace/8-2-build-macosx-x86_64/jdk8u141/9370/hotspot/src/share/vm/prims/jni.cpp, line 709]
Event: 5.721 Thread 0x00007fa73a04f800 Exception <a 'java/io/FileNotFoundException'> (0x000000076d8e4378) thrown at [/Users/java_re/workspace/8-2-build-macosx-x86_64/jdk8u141/9370/hotspot/src/share/vm/prims/jni.cpp, line 709]
Event: 5.723 Thread 0x00007fa73a04f800 Exception <a 'java/lang/ClassCastException': org.glassfish.json.JsonArrayBuilderImpl$JsonArrayImpl cannot be cast to javax.json.JsonObject> (0x000000076d905388) thrown at [/Users/java_re/workspace/8-2-build-macosx-x86_64/jdk8u141/9370/hotspot/src/share/vm
Event: 8.225 Thread 0x00007fa73a04f800 Exception <a 'sun/nio/fs/UnixException'> (0x000000076bcc7df8) thrown at [/Users/java_re/workspace/8-2-build-macosx-x86_64/jdk8u141/9370/hotspot/src/share/vm/prims/jni.cpp, line 709]
Event: 8.335 Thread 0x00007fa73a04f800 Exception <a 'sun/nio/fs/UnixException'> (0x000000076bf6f318) thrown at [/Users/java_re/workspace/8-2-build-macosx-x86_64/jdk8u141/9370/hotspot/src/share/vm/prims/jni.cpp, line 709]
Event: 8.335 Thread 0x00007fa73a04f800 Exception <a 'sun/nio/fs/UnixException'> (0x000000076bf710e8) thrown at [/Users/java_re/workspace/8-2-build-macosx-x86_64/jdk8u141/9370/hotspot/src/share/vm/prims/jni.cpp, line 709]
Event: 8.353 Thread 0x00007fa73a04f800 Implicit null exception at 0x0000000112ed92b8 to 0x0000000112ee28d1
Event: 8.353 Thread 0x00007fa73a04f800 Implicit null exception at 0x0000000112ea72b4 to 0x0000000112eaf8f5

Events (10 events):
Event: 8.810 loading class com/sun/javafx/webkit/prism/TextUtilities$1
Event: 8.810 loading class com/sun/javafx/webkit/prism/TextUtilities$1 done
Event: 8.810 Executing VM operation: Deoptimize
Event: 8.811 Executing VM operation: Deoptimize done
Event: 8.811 loading class com/sun/javafx/webkit/prism/WCGraphicsPrismContext$10
Event: 8.811 loading class com/sun/javafx/webkit/prism/WCGraphicsPrismContext$10 done
Event: 8.811 Thread 0x00007fa73e171800 Thread added: 0x00007fa73e171800
Event: 8.811 Thread 0x00007fa73aad3000 Thread added: 0x00007fa73aad3000
Event: 8.812 Thread 0x00007fa738c8a800 Thread added: 0x00007fa738c8a800
Event: 8.812 Thread 0x00007fa73e172000 Thread added: 0x00007fa73e172000


Dynamic libraries:
0x000000001c27e000 	/System/Library/Frameworks/Cocoa.framework/Versions/A/Cocoa
0x000000001c27e000 	/System/Library/Frameworks/Security.framework/Versions/A/Security
0x000000001c27e000 	/System/Library/Frameworks/ApplicationServices.framework/Versions/A/ApplicationServices
0x000000001c27e000 	/usr/lib/libz.1.dylib
0x000000001c27e000 	/usr/lib/libSystem.B.dylib
0x000000001c27e000 	/usr/lib/libobjc.A.dylib
0x000000001c27e000 	/System/Library/Frameworks/CoreFoundation.framework/Versions/A/CoreFoundation
0x000000001c27e000 	/System/Library/Frameworks/Foundation.framework/Versions/C/Foundation
0x000000001c27e000 	/System/Library/Frameworks/AppKit.framework/Versions/C/AppKit
0x000000001c27e000 	/System/Library/Frameworks/CoreData.framework/Versions/A/CoreData
0x000000001c27e000 	/System/Library/PrivateFrameworks/RemoteViewServices.framework/Versions/A/RemoteViewServices
0x000000001c27e000 	/System/Library/PrivateFrameworks/UIFoundation.framework/Versions/A/UIFoundation
0x000000001c27e000 	/System/Library/PrivateFrameworks/XCTTargetBootstrap.framework/Versions/A/XCTTargetBootstrap
0x000000001c27e000 	/System/Library/PrivateFrameworks/IconServices.framework/Versions/A/IconServices
0x000000001c27e000 	/System/Library/Frameworks/Metal.framework/Versions/A/Metal
0x000000001c27e000 	/System/Library/PrivateFrameworks/DesktopServicesPriv.framework/Versions/A/DesktopServicesPriv
0x000000001c27e000 	/usr/lib/libenergytrace.dylib
0x000000001c27e000 	/System/Library/PrivateFrameworks/SkyLight.framework/Versions/A/SkyLight
0x000000001c27e000 	/System/Library/Frameworks/CoreGraphics.framework/Versions/A/CoreGraphics
0x000000001c27e000 	/System/Library/Frameworks/Accelerate.framework/Versions/A/Accelerate
0x000000001c27e000 	/System/Library/Frameworks/IOSurface.framework/Versions/A/IOSurface
0x000000001c27e000 	/System/Library/PrivateFrameworks/DFRFoundation.framework/Versions/A/DFRFoundation
0x000000001c27e000 	/System/Library/Frameworks/AudioToolbox.framework/Versions/A/AudioToolbox
0x000000001c27e000 	/System/Library/Frameworks/AudioUnit.framework/Versions/A/AudioUnit
0x000000001c27e000 	/System/Library/PrivateFrameworks/DataDetectorsCore.framework/Versions/A/DataDetectorsCore
0x000000001c27e000 	/System/Library/Frameworks/Carbon.framework/Versions/A/Frameworks/HIToolbox.framework/Versions/A/HIToolbox
0x000000001c27e000 	/usr/lib/libicucore.A.dylib
0x000000001c27e000 	/System/Library/Frameworks/QuartzCore.framework/Versions/A/QuartzCore
0x000000001c27e000 	/System/Library/Frameworks/Carbon.framework/Versions/A/Frameworks/SpeechRecognition.framework/Versions/A/SpeechRecognition
0x000000001c27e000 	/usr/lib/libauto.dylib
0x000000001c27e000 	/usr/lib/libxml2.2.dylib
0x000000001c27e000 	/System/Library/PrivateFrameworks/CoreUI.framework/Versions/A/CoreUI
0x000000001c27e000 	/System/Library/Frameworks/CoreAudio.framework/Versions/A/CoreAudio
0x000000001c27e000 	/System/Library/Frameworks/DiskArbitration.framework/Versions/A/DiskArbitration
0x000000001c27e000 	/usr/lib/liblangid.dylib
0x000000001c27e000 	/System/Library/PrivateFrameworks/MultitouchSupport.framework/Versions/A/MultitouchSupport
0x000000001c27e000 	/System/Library/Frameworks/IOKit.framework/Versions/A/IOKit
0x000000001c27e000 	/usr/lib/libDiagnosticMessagesClient.dylib
0x000000001c27e000 	/System/Library/Frameworks/CoreServices.framework/Versions/A/CoreServices
0x000000001c27e000 	/System/Library/PrivateFrameworks/PerformanceAnalysis.framework/Versions/A/PerformanceAnalysis
0x000000001c27e000 	/System/Library/Frameworks/OpenGL.framework/Versions/A/OpenGL
0x000000001c27e000 	/System/Library/Frameworks/ColorSync.framework/Versions/A/ColorSync
0x000000001c27e000 	/System/Library/Frameworks/CoreImage.framework/Versions/A/CoreImage
0x000000001c27e000 	/System/Library/Frameworks/CoreText.framework/Versions/A/CoreText
0x000000001c27e000 	/System/Library/Frameworks/ImageIO.framework/Versions/A/ImageIO
0x000000001c27e000 	/System/Library/PrivateFrameworks/Backup.framework/Versions/A/Backup
0x000000001c27e000 	/usr/lib/libarchive.2.dylib
0x000000001c27e000 	/System/Library/Frameworks/CFNetwork.framework/Versions/A/CFNetwork
0x000000001c27e000 	/System/Library/Frameworks/SystemConfiguration.framework/Versions/A/SystemConfiguration
0x000000001c27e000 	/usr/lib/libCRFSuite.dylib
0x000000001c27e000 	/usr/lib/libc++.1.dylib
0x000000001c27e000 	/usr/lib/libc++abi.dylib
0x000000001c27e000 	/usr/lib/system/libcache.dylib
0x000000001c27e000 	/usr/lib/system/libcommonCrypto.dylib
0x000000001c27e000 	/usr/lib/system/libcompiler_rt.dylib
0x000000001c27e000 	/usr/lib/system/libcopyfile.dylib
0x000000001c27e000 	/usr/lib/system/libcorecrypto.dylib
0x000000001c27e000 	/usr/lib/system/libdispatch.dylib
0x000000001c27e000 	/usr/lib/system/libdyld.dylib
0x000000001c27e000 	/usr/lib/system/libkeymgr.dylib
0x000000001c27e000 	/usr/lib/system/liblaunch.dylib
0x000000001c27e000 	/usr/lib/system/libmacho.dylib
0x000000001c27e000 	/usr/lib/system/libquarantine.dylib
0x000000001c27e000 	/usr/lib/system/libremovefile.dylib
0x000000001c27e000 	/usr/lib/system/libsystem_asl.dylib
0x000000001c27e000 	/usr/lib/system/libsystem_blocks.dylib
0x000000001c27e000 	/usr/lib/system/libsystem_c.dylib
0x000000001c27e000 	/usr/lib/system/libsystem_configuration.dylib
0x000000001c27e000 	/usr/lib/system/libsystem_coreservices.dylib
0x000000001c27e000 	/usr/lib/system/libsystem_darwin.dylib
0x000000001c27e000 	/usr/lib/system/libsystem_dnssd.dylib
0x000000001c27e000 	/usr/lib/system/libsystem_info.dylib
0x000000001c27e000 	/usr/lib/system/libsystem_m.dylib
0x000000001c27e000 	/usr/lib/system/libsystem_malloc.dylib
0x000000001c27e000 	/usr/lib/system/libsystem_networkextension.dylib
0x000000001c27e000 	/usr/lib/system/libsystem_notify.dylib
0x000000001c27e000 	/usr/lib/system/libsystem_sandbox.dylib
0x000000001c27e000 	/usr/lib/system/libsystem_secinit.dylib
0x000000001c27e000 	/usr/lib/system/libsystem_kernel.dylib
0x000000001c27e000 	/usr/lib/system/libsystem_platform.dylib
0x000000001c27e000 	/usr/lib/system/libsystem_pthread.dylib
0x000000001c27e000 	/usr/lib/system/libsystem_symptoms.dylib
0x000000001c27e000 	/usr/lib/system/libsystem_trace.dylib
0x000000001c27e000 	/usr/lib/system/libunwind.dylib
0x000000001c27e000 	/usr/lib/system/libxpc.dylib
0x000000001c27e000 	/usr/lib/libbsm.0.dylib
0x000000001c27e000 	/usr/lib/system/libkxld.dylib
0x000000001c27e000 	/System/Library/PrivateFrameworks/AppleFSCompression.framework/Versions/A/AppleFSCompression
0x000000001c27e000 	/usr/lib/libOpenScriptingUtil.dylib
0x000000001c27e000 	/usr/lib/libcoretls.dylib
0x000000001c27e000 	/usr/lib/libcoretls_cfhelpers.dylib
0x000000001c27e000 	/usr/lib/libpam.2.dylib
0x000000001c27e000 	/usr/lib/libsqlite3.dylib
0x000000001c27e000 	/usr/lib/libxar.1.dylib
0x000000001c27e000 	/usr/lib/libbz2.1.0.dylib
0x000000001c27e000 	/usr/lib/liblzma.5.dylib
0x000000001c27e000 	/usr/lib/libnetwork.dylib
0x000000001c27e000 	/usr/lib/libapple_nghttp2.dylib
0x000000001c27e000 	/usr/lib/libpcap.A.dylib
0x000000001c27e000 	/System/Library/Frameworks/CoreServices.framework/Versions/A/Frameworks/FSEvents.framework/Versions/A/FSEvents
0x000000001c27e000 	/System/Library/Frameworks/CoreServices.framework/Versions/A/Frameworks/CarbonCore.framework/Versions/A/CarbonCore
0x000000001c27e000 	/System/Library/Frameworks/CoreServices.framework/Versions/A/Frameworks/Metadata.framework/Versions/A/Metadata
0x000000001c27e000 	/System/Library/Frameworks/CoreServices.framework/Versions/A/Frameworks/OSServices.framework/Versions/A/OSServices
0x000000001c27e000 	/System/Library/Frameworks/CoreServices.framework/Versions/A/Frameworks/SearchKit.framework/Versions/A/SearchKit
0x000000001c27e000 	/System/Library/Frameworks/CoreServices.framework/Versions/A/Frameworks/AE.framework/Versions/A/AE
0x000000001c27e000 	/System/Library/Frameworks/CoreServices.framework/Versions/A/Frameworks/LaunchServices.framework/Versions/A/LaunchServices
0x000000001c27e000 	/System/Library/Frameworks/CoreServices.framework/Versions/A/Frameworks/DictionaryServices.framework/Versions/A/DictionaryServices
0x000000001c27e000 	/System/Library/Frameworks/CoreServices.framework/Versions/A/Frameworks/SharedFileList.framework/Versions/A/SharedFileList
0x000000001c27e000 	/System/Library/Frameworks/NetFS.framework/Versions/A/NetFS
0x000000001c27e000 	/System/Library/PrivateFrameworks/NetAuth.framework/Versions/A/NetAuth
0x000000001c27e000 	/System/Library/PrivateFrameworks/login.framework/Versions/A/Frameworks/loginsupport.framework/Versions/A/loginsupport
0x000000001c27e000 	/System/Library/PrivateFrameworks/TCC.framework/Versions/A/TCC
0x000000001c27e000 	/System/Library/PrivateFrameworks/CoreNLP.framework/Versions/A/CoreNLP
0x000000001c27e000 	/System/Library/PrivateFrameworks/MetadataUtilities.framework/Versions/A/MetadataUtilities
0x000000001c27e000 	/usr/lib/libmecabra.dylib
0x000000001c27e000 	/System/Library/Frameworks/ApplicationServices.framework/Versions/A/Frameworks/ATS.framework/Versions/A/ATS
0x000000001c27e000 	/System/Library/Frameworks/ApplicationServices.framework/Versions/A/Frameworks/ColorSyncLegacy.framework/Versions/A/ColorSyncLegacy
0x000000001c27e000 	/System/Library/Frameworks/ApplicationServices.framework/Versions/A/Frameworks/HIServices.framework/Versions/A/HIServices
0x000000001c27e000 	/System/Library/Frameworks/ApplicationServices.framework/Versions/A/Frameworks/LangAnalysis.framework/Versions/A/LangAnalysis
0x000000001c27e000 	/System/Library/Frameworks/ApplicationServices.framework/Versions/A/Frameworks/PrintCore.framework/Versions/A/PrintCore
0x000000001c27e000 	/System/Library/Frameworks/ApplicationServices.framework/Versions/A/Frameworks/QD.framework/Versions/A/QD
0x000000001c27e000 	/System/Library/Frameworks/ApplicationServices.framework/Versions/A/Frameworks/SpeechSynthesis.framework/Versions/A/SpeechSynthesis
0x000000001c27e000 	/usr/lib/libcompression.dylib
0x000000001c27e000 	/System/Library/Frameworks/CoreDisplay.framework/Versions/A/CoreDisplay
0x000000001c27e000 	/System/Library/Frameworks/MetalPerformanceShaders.framework/Versions/A/MetalPerformanceShaders
0x000000001c27e000 	/System/Library/Frameworks/Accelerate.framework/Versions/A/Frameworks/vImage.framework/Versions/A/vImage
0x000000001c27e000 	/System/Library/Frameworks/Accelerate.framework/Versions/A/Frameworks/vecLib.framework/Versions/A/vecLib
0x000000001c27e000 	/System/Library/Frameworks/Accelerate.framework/Versions/A/Frameworks/vecLib.framework/Versions/A/libvMisc.dylib
0x000000001c27e000 	/System/Library/Frameworks/Accelerate.framework/Versions/A/Frameworks/vecLib.framework/Versions/A/libvDSP.dylib
0x000000001c27e000 	/System/Library/Frameworks/Accelerate.framework/Versions/A/Frameworks/vecLib.framework/Versions/A/libBLAS.dylib
0x000000001c27e000 	/System/Library/Frameworks/Accelerate.framework/Versions/A/Frameworks/vecLib.framework/Versions/A/libLAPACK.dylib
0x000000001c27e000 	/System/Library/Frameworks/Accelerate.framework/Versions/A/Frameworks/vecLib.framework/Versions/A/libLinearAlgebra.dylib
0x000000001c27e000 	/System/Library/Frameworks/Accelerate.framework/Versions/A/Frameworks/vecLib.framework/Versions/A/libSparseBLAS.dylib
0x000000001c27e000 	/System/Library/Frameworks/Accelerate.framework/Versions/A/Frameworks/vecLib.framework/Versions/A/libQuadrature.dylib
0x000000001c27e000 	/System/Library/Frameworks/Accelerate.framework/Versions/A/Frameworks/vecLib.framework/Versions/A/libBNNS.dylib
0x000000001c27e000 	/System/Library/Frameworks/Accelerate.framework/Versions/A/Frameworks/vecLib.framework/Versions/A/libSparse.dylib
0x000000001c27e000 	/System/Library/PrivateFrameworks/GPUWrangler.framework/Versions/A/GPUWrangler
0x000000001c27e000 	/System/Library/PrivateFrameworks/IOAccelerator.framework/Versions/A/IOAccelerator
0x000000001c27e000 	/System/Library/PrivateFrameworks/IOPresentment.framework/Versions/A/IOPresentment
0x000000001c27e000 	/System/Library/PrivateFrameworks/DSExternalDisplay.framework/Versions/A/DSExternalDisplay
0x000000001c27e000 	/System/Library/Frameworks/OpenGL.framework/Versions/A/Libraries/libCoreFSCache.dylib
0x000000001c27e000 	/System/Library/Frameworks/MetalPerformanceShaders.framework/Frameworks/MPSCore.framework/Versions/A/MPSCore
0x000000001c27e000 	/System/Library/Frameworks/MetalPerformanceShaders.framework/Frameworks/MPSImage.framework/Versions/A/MPSImage
0x000000001c27e000 	/System/Library/Frameworks/MetalPerformanceShaders.framework/Frameworks/MPSNeuralNetwork.framework/Versions/A/MPSNeuralNetwork
0x000000001c27e000 	/System/Library/Frameworks/MetalPerformanceShaders.framework/Frameworks/MPSMatrix.framework/Versions/A/MPSMatrix
0x000000001c27e000 	/System/Library/Frameworks/MetalPerformanceShaders.framework/Frameworks/MPSRayIntersector.framework/Versions/A/MPSRayIntersector
0x000000001c27e000 	/System/Library/PrivateFrameworks/MetalTools.framework/Versions/A/MetalTools
0x000000001c27e000 	/System/Library/PrivateFrameworks/AggregateDictionary.framework/Versions/A/AggregateDictionary
0x000000001c27e000 	/usr/lib/libMobileGestalt.dylib
0x000000001c27e000 	/System/Library/Frameworks/CoreVideo.framework/Versions/A/CoreVideo
0x000000001c27e000 	/System/Library/PrivateFrameworks/GraphVisualizer.framework/Versions/A/GraphVisualizer
0x000000001c27e000 	/System/Library/PrivateFrameworks/FaceCore.framework/Versions/A/FaceCore
0x000000001c27e000 	/System/Library/Frameworks/OpenCL.framework/Versions/A/OpenCL
0x000000001c27e000 	/usr/lib/libFosl_dynamic.dylib
0x000000001c27e000 	/System/Library/PrivateFrameworks/OTSVG.framework/Versions/A/OTSVG
0x000000001c27e000 	/System/Library/Frameworks/ApplicationServices.framework/Versions/A/Frameworks/ATS.framework/Versions/A/Resources/libFontParser.dylib
0x000000001c27e000 	/System/Library/Frameworks/ApplicationServices.framework/Versions/A/Frameworks/ATS.framework/Versions/A/Resources/libFontRegistry.dylib
0x000000001c27e000 	/System/Library/Frameworks/ImageIO.framework/Versions/A/Resources/libJPEG.dylib
0x000000001c27e000 	/System/Library/Frameworks/ImageIO.framework/Versions/A/Resources/libTIFF.dylib
0x000000001c27e000 	/System/Library/Frameworks/ImageIO.framework/Versions/A/Resources/libPng.dylib
0x000000001c27e000 	/System/Library/Frameworks/ImageIO.framework/Versions/A/Resources/libGIF.dylib
0x000000001c27e000 	/System/Library/Frameworks/ImageIO.framework/Versions/A/Resources/libJP2.dylib
0x000000001c27e000 	/System/Library/Frameworks/ImageIO.framework/Versions/A/Resources/libRadiance.dylib
0x000000001c27e000 	/System/Library/PrivateFrameworks/AppleJPEG.framework/Versions/A/AppleJPEG
0x000000001c27e000 	/System/Library/Frameworks/OpenGL.framework/Versions/A/Libraries/libGFXShared.dylib
0x000000001c27e000 	/System/Library/Frameworks/OpenGL.framework/Versions/A/Libraries/libGLU.dylib
0x000000001c27e000 	/System/Library/Frameworks/OpenGL.framework/Versions/A/Libraries/libGL.dylib
0x000000001c27e000 	/System/Library/Frameworks/OpenGL.framework/Versions/A/Libraries/libGLImage.dylib
0x000000001c27e000 	/System/Library/Frameworks/OpenGL.framework/Versions/A/Libraries/libCVMSPluginSupport.dylib
0x000000001c27e000 	/System/Library/Frameworks/OpenGL.framework/Versions/A/Libraries/libCoreVMClient.dylib
0x000000001c27e000 	/usr/lib/libcups.2.dylib
0x000000001c27e000 	/System/Library/Frameworks/Kerberos.framework/Versions/A/Kerberos
0x000000001c27e000 	/System/Library/Frameworks/GSS.framework/Versions/A/GSS
0x000000001c27e000 	/usr/lib/libresolv.9.dylib
0x000000001c27e000 	/usr/lib/libiconv.2.dylib
0x000000001c27e000 	/System/Library/PrivateFrameworks/Heimdal.framework/Versions/A/Heimdal
0x000000001c27e000 	/usr/lib/libheimdal-asn1.dylib
0x000000001c27e000 	/System/Library/Frameworks/OpenDirectory.framework/Versions/A/OpenDirectory
0x000000001c27e000 	/System/Library/PrivateFrameworks/CommonAuth.framework/Versions/A/CommonAuth
0x000000001c27e000 	/System/Library/Frameworks/OpenDirectory.framework/Versions/A/Frameworks/CFOpenDirectory.framework/Versions/A/CFOpenDirectory
0x000000001c27e000 	/System/Library/Frameworks/SecurityFoundation.framework/Versions/A/SecurityFoundation
0x000000001c27e000 	/System/Library/PrivateFrameworks/APFS.framework/Versions/A/APFS
0x000000001c27e000 	/usr/lib/libutil.dylib
0x000000001c27e000 	/usr/lib/libcharset.1.dylib
0x000000001c27e000 	/System/Library/PrivateFrameworks/AppleSauce.framework/Versions/A/AppleSauce
0x000000001c27e000 	/System/Library/PrivateFrameworks/AssertionServices.framework/Versions/A/AssertionServices
0x000000001c27e000 	/System/Library/PrivateFrameworks/BaseBoard.framework/Versions/A/BaseBoard
0x000000001c27e000 	/usr/lib/libmecab.1.0.0.dylib
0x000000001c27e000 	/usr/lib/libgermantok.dylib
0x000000001c27e000 	/usr/lib/libThaiTokenizer.dylib
0x000000001c27e000 	/usr/lib/libChineseTokenizer.dylib
0x000000001c27e000 	/System/Library/PrivateFrameworks/LanguageModeling.framework/Versions/A/LanguageModeling
0x000000001c27e000 	/System/Library/PrivateFrameworks/CoreEmoji.framework/Versions/A/CoreEmoji
0x000000001c27e000 	/System/Library/PrivateFrameworks/Lexicon.framework/Versions/A/Lexicon
0x000000001c27e000 	/System/Library/PrivateFrameworks/LinguisticData.framework/Versions/A/LinguisticData
0x000000001c27e000 	/usr/lib/libcmph.dylib
0x000000001c27e000 	/System/Library/Frameworks/ServiceManagement.framework/Versions/A/ServiceManagement
0x000000001c27e000 	/System/Library/PrivateFrameworks/BackgroundTaskManagement.framework/Versions/A/BackgroundTaskManagement
0x000000001c27e000 	/usr/lib/libxslt.1.dylib
0x000000001c27e000 	/System/Library/Frameworks/Carbon.framework/Versions/A/Frameworks/Ink.framework/Versions/A/Ink
0x000000001c27e000 	/System/Library/PrivateFrameworks/TextureIO.framework/Versions/A/TextureIO
0x000000001c27e000 	/usr/lib/libate.dylib
0x000000001c27e000 	/System/Library/PrivateFrameworks/CrashReporterSupport.framework/Versions/A/CrashReporterSupport
0x000000001c27e000 	/System/Library/PrivateFrameworks/Sharing.framework/Versions/A/Sharing
0x000000001c27e000 	/System/Library/PrivateFrameworks/AuthKit.framework/Versions/A/AuthKit
0x000000001c27e000 	/System/Library/PrivateFrameworks/Apple80211.framework/Versions/A/Apple80211
0x000000001c27e000 	/System/Library/PrivateFrameworks/CoreUtils.framework/Versions/A/CoreUtils
0x000000001c27e000 	/System/Library/Frameworks/CoreWLAN.framework/Versions/A/CoreWLAN
0x000000001c27e000 	/System/Library/Frameworks/IOBluetooth.framework/Versions/A/IOBluetooth
0x000000001c27e000 	/System/Library/PrivateFrameworks/ProtocolBuffer.framework/Versions/A/ProtocolBuffer
0x000000001c27e000 	/System/Library/PrivateFrameworks/MobileKeyBag.framework/Versions/A/MobileKeyBag
0x000000001c27e000 	/System/Library/PrivateFrameworks/CorePhoneNumbers.framework/Versions/A/CorePhoneNumbers
0x000000001c27e000 	/System/Library/PrivateFrameworks/AppleIDAuthSupport.framework/Versions/A/AppleIDAuthSupport
0x000000001c27e000 	/System/Library/PrivateFrameworks/KeychainCircle.framework/Versions/A/KeychainCircle
0x000000001c27e000 	/System/Library/PrivateFrameworks/ROCKit.framework/Versions/A/ROCKit
0x000000001c27e000 	/System/Library/PrivateFrameworks/CoreWiFi.framework/Versions/A/CoreWiFi
0x000000001c27e000 	/System/Library/Frameworks/CoreBluetooth.framework/Versions/A/CoreBluetooth
0x000000001c27e000 	/System/Library/PrivateFrameworks/DebugSymbols.framework/Versions/A/DebugSymbols
0x000000001c27e000 	/System/Library/PrivateFrameworks/CoreSymbolication.framework/Versions/A/CoreSymbolication
0x000000001c27e000 	/System/Library/PrivateFrameworks/Symbolication.framework/Versions/A/Symbolication
0x000000001c27e000 	/System/Library/PrivateFrameworks/SpeechRecognitionCore.framework/Versions/A/SpeechRecognitionCore
0x0000000104400000 	/Library/Java/JavaVirtualMachines/jdk1.8.0_141.jdk/Contents/Home/jre/lib/server/libjvm.dylib
0x000000001c27e000 	/usr/lib/libstdc++.6.dylib
0x0000000103378000 	/Library/Java/JavaVirtualMachines/jdk1.8.0_141.jdk/Contents/Home/jre/lib/libverify.dylib
0x0000000103386000 	/Library/Java/JavaVirtualMachines/jdk1.8.0_141.jdk/Contents/Home/jre/lib/libjava.dylib
0x00000001053af000 	/Library/Java/JavaVirtualMachines/jdk1.8.0_141.jdk/Contents/Home/jre/lib/libzip.dylib
0x000000001c27e000 	/System/Library/Frameworks/JavaVM.framework/Versions/A/Frameworks/JavaRuntimeSupport.framework/Versions/A/JavaRuntimeSupport
0x000000001c27e000 	/System/Library/Frameworks/JavaVM.framework/Versions/A/Frameworks/JavaNativeFoundation.framework/Versions/A/JavaNativeFoundation
0x000000001c27e000 	/System/Library/Frameworks/JavaVM.framework/Versions/A/JavaVM
0x000000001c27e000 	/System/Library/Frameworks/Carbon.framework/Versions/A/Carbon
0x000000001c27e000 	/System/Library/PrivateFrameworks/JavaLaunching.framework/Versions/A/JavaLaunching
0x000000001c27e000 	/System/Library/Frameworks/Carbon.framework/Versions/A/Frameworks/CommonPanels.framework/Versions/A/CommonPanels
0x000000001c27e000 	/System/Library/Frameworks/Carbon.framework/Versions/A/Frameworks/Help.framework/Versions/A/Help
0x000000001c27e000 	/System/Library/Frameworks/Carbon.framework/Versions/A/Frameworks/ImageCapture.framework/Versions/A/ImageCapture
0x000000001c27e000 	/System/Library/Frameworks/Carbon.framework/Versions/A/Frameworks/OpenScripting.framework/Versions/A/OpenScripting
0x000000001c27e000 	/System/Library/Frameworks/Carbon.framework/Versions/A/Frameworks/Print.framework/Versions/A/Print
0x000000001c27e000 	/System/Library/Frameworks/Carbon.framework/Versions/A/Frameworks/SecurityHI.framework/Versions/A/SecurityHI
0x000000011151a000 	/Library/Java/JavaVirtualMachines/jdk1.8.0_141.jdk/Contents/Home/jre/lib/libprism_es2.dylib
0x000000001c27e000 	/System/Library/PrivateFrameworks/CoreServicesInternal.framework/Versions/A/CoreServicesInternal
0x000000001c27e000 	/System/Library/Frameworks/OpenGL.framework/Versions/A/Resources/GLEngine.bundle/GLEngine
0x000000001c27e000 	/System/Library/Frameworks/OpenGL.framework/Versions/A/Libraries/libGLProgrammability.dylib
0x000000001c27e000 	/System/Library/Extensions/AppleIntelKBLGraphicsGLDriver.bundle/Contents/MacOS/AppleIntelKBLGraphicsGLDriver
0x000000001c27e000 	/System/Library/PrivateFrameworks/GPUSupport.framework/Versions/A/Libraries/libGPUSupportMercury.dylib
0x0000000111c78000 	/System/Library/Extensions/AMDRadeonX4000GLDriver.bundle/Contents/MacOS/AMDRadeonX4000GLDriver
0x000000001c27e000 	/System/Library/Extensions/AMDRadeonX4000GLDriver.bundle/Contents/MacOS/ATIRadeonX4000SCLib.dylib
0x000000001c27e000 	/System/Library/Frameworks/OpenGL.framework/Versions/A/Resources/GLRendererFloat.bundle/GLRendererFloat
0x000000001c27e000 	/System/Library/Frameworks/OpenCL.framework/Versions/A/Libraries/libcldcpuengine.dylib
0x000000001c27e000 	/usr/lib/libcrypto.35.dylib
0x000000001c27e000 	/System/Library/PrivateFrameworks/TrustEvaluationAgent.framework/Versions/A/TrustEvaluationAgent
0x0000000111de8000 	/Library/Java/JavaVirtualMachines/jdk1.8.0_141.jdk/Contents/Home/jre/lib/libglass.dylib
0x000000001c27e000 	/System/Library/CoreServices/RawCamera.bundle/Contents/MacOS/RawCamera
0x000000001c27e000 	/System/Library/PrivateFrameworks/MobileAsset.framework/Versions/A/MobileAsset
0x000000001c27e000 	/System/Library/PrivateFrameworks/StreamingZip.framework/Versions/A/StreamingZip
0x000000001c27e000 	/System/Library/Frameworks/MediaToolbox.framework/Versions/A/MediaToolbox
0x000000001c27e000 	/System/Library/PrivateFrameworks/CoreAVCHD.framework/Versions/A/CoreAVCHD
0x000000001c27e000 	/System/Library/Frameworks/MediaAccessibility.framework/Versions/A/MediaAccessibility
0x000000001c27e000 	/System/Library/PrivateFrameworks/Mangrove.framework/Versions/A/Mangrove
0x000000001c27e000 	/System/Library/Frameworks/CoreMedia.framework/Versions/A/CoreMedia
0x000000001c27e000 	/System/Library/Frameworks/VideoToolbox.framework/Versions/A/VideoToolbox
0x000000001c27e000 	/System/Library/PrivateFrameworks/CoreAUC.framework/Versions/A/CoreAUC
0x000000001c27e000 	/usr/lib/libspindump.dylib
0x000000001c27e000 	/System/Library/PrivateFrameworks/AppleVA.framework/Versions/A/AppleVA
0x000000001c27e000 	/System/Library/Frameworks/Accelerate.framework/Versions/A/Frameworks/vImage.framework/Versions/A/Libraries/libCGInterfaces.dylib
0x000000001c27e000 	/System/Library/PrivateFrameworks/FamilyControls.framework/Versions/A/FamilyControls
0x000000001c27e000 	/System/Library/PrivateFrameworks/CommerceKit.framework/Versions/A/Frameworks/CommerceCore.framework/Versions/A/CommerceCore
0x000000001c27e000 	/System/Library/PrivateFrameworks/SystemAdministration.framework/Versions/A/SystemAdministration
0x000000001c27e000 	/System/Library/PrivateFrameworks/AppContainer.framework/Versions/A/AppContainer
0x000000001c27e000 	/System/Library/PrivateFrameworks/AppSandbox.framework/Versions/A/AppSandbox
0x000000001c27e000 	/System/Library/PrivateFrameworks/SecCodeWrapper.framework/Versions/A/SecCodeWrapper
0x000000001c27e000 	/usr/lib/libsandbox.1.dylib
0x000000001c27e000 	/usr/lib/libMatch.1.dylib
0x000000001c27e000 	/System/Library/PrivateFrameworks/DiskManagement.framework/Versions/A/DiskManagement
0x000000001c27e000 	/System/Library/Frameworks/DirectoryService.framework/Versions/A/DirectoryService
0x000000001c27e000 	/System/Library/PrivateFrameworks/DiskImages.framework/Versions/A/DiskImages
0x000000001c27e000 	/System/Library/PrivateFrameworks/LoginUIKit.framework/Versions/A/Frameworks/LoginUICore.framework/Versions/A/LoginUICore
0x000000001c27e000 	/usr/lib/libCoreStorage.dylib
0x000000001c27e000 	/usr/lib/libcsfde.dylib
0x000000001c27e000 	/usr/lib/libodfde.dylib
0x000000001c27e000 	/System/Library/PrivateFrameworks/MediaKit.framework/Versions/A/MediaKit
0x000000001c27e000 	/System/Library/Frameworks/DiscRecording.framework/Versions/A/DiscRecording
0x000000001c27e000 	/System/Library/PrivateFrameworks/EFILogin.framework/Versions/A/EFILogin
0x000000001c27e000 	/System/Library/PrivateFrameworks/ProtectedCloudStorage.framework/Versions/A/ProtectedCloudStorage
0x000000001c27e000 	/usr/lib/libcurl.4.dylib
0x000000001c27e000 	/usr/lib/libcrypto.42.dylib
0x000000001c27e000 	/usr/lib/libssl.44.dylib
0x000000001c27e000 	/System/Library/Frameworks/LDAP.framework/Versions/A/LDAP
0x000000001c27e000 	/usr/lib/libsasl2.2.dylib
0x000000001c27e000 	/System/Library/PrivateFrameworks/CoreDaemon.framework/Versions/B/CoreDaemon
0x000000001c27e000 	/System/Library/PrivateFrameworks/AppleSRP.framework/Versions/A/AppleSRP
0x000000001c27e000 	/System/Library/PrivateFrameworks/ViewBridge.framework/Versions/A/ViewBridge
0x0000000112166000 	/usr/lib/libobjc-trampolines.dylib
0x000000001c27e000 	/System/Library/Frameworks/ApplicationServices.framework/Versions/A/Frameworks/ATS.framework/Versions/A/Resources/libTrueTypeScaler.dylib
0x000000001c27e000 	/System/Library/Extensions/AMDMTLBronzeDriver.bundle/Contents/MacOS/AMDMTLBronzeDriver
0x000000001c27e000 	/System/Library/PrivateFrameworks/IOAccelMemoryInfo.framework/Versions/A/IOAccelMemoryInfo
0x000000001c27e000 	/System/Library/Extensions/AppleIntelKBLGraphicsMTLDriver.bundle/Contents/MacOS/AppleIntelKBLGraphicsMTLDriver
0x000000001c27e000 	/System/Library/PrivateFrameworks/GPUCompiler.framework/Versions/3902/Libraries/libmetal_timestamp.dylib
0x0000000126628000 	/Library/Java/JavaVirtualMachines/jdk1.8.0_141.jdk/Contents/Home/jre/lib/libjavafx_font.dylib
0x0000000126a32000 	/Library/Java/JavaVirtualMachines/jdk1.8.0_141.jdk/Contents/Home/jre/lib/libjavafx_iio.dylib
0x0000000126c70000 	/Library/Java/JavaVirtualMachines/jdk1.8.0_141.jdk/Contents/Home/jre/lib/libawt.dylib
0x0000000126d18000 	/Library/Java/JavaVirtualMachines/jdk1.8.0_141.jdk/Contents/Home/jre/lib/./libmlib_image.dylib
0x0000000126de4000 	/Library/Java/JavaVirtualMachines/jdk1.8.0_141.jdk/Contents/Home/jre/lib/libawt_lwawt.dylib
0x0000000126e9b000 	/Library/Java/JavaVirtualMachines/jdk1.8.0_141.jdk/Contents/Home/jre/lib/./libosxapp.dylib
0x000000001c27e000 	/System/Library/Frameworks/ExceptionHandling.framework/Versions/A/ExceptionHandling
0x000000012af8d000 	/Library/Java/JavaVirtualMachines/jdk1.8.0_141.jdk/Contents/Home/jre/lib/libprism_common.dylib
0x0000000123be1000 	/Library/Java/JavaVirtualMachines/jdk1.8.0_141.jdk/Contents/Home/jre/lib/libnio.dylib
0x0000000125964000 	/Library/Java/JavaVirtualMachines/jdk1.8.0_141.jdk/Contents/Home/jre/lib/./libnet.dylib
0x0000000130f36000 	/Library/Java/JavaVirtualMachines/jdk1.8.0_141.jdk/Contents/Home/jre/lib/libjfxwebkit.dylib
0x0000000125cfd000 	/Library/Java/JavaVirtualMachines/jdk1.8.0_141.jdk/Contents/Home/jre/lib/libsunec.dylib

VM Arguments:
jvm_args: -Dfile.encoding=UTF-8 
java_command: csg.CSGApp
java_class_path (initial): /Users/jujubear/Documents/SBU/CourseSiteGenerator/libs/DesktopJavaFramework/build/classes:/Users/jujubear/Documents/SBU/CourseSiteGenerator/libs/jTPS/build/classes:/Users/jujubear/Documents/SBU/CourseSiteGenerator/libs/PropertiesManager/build/classes:/Users/jujubear/Documents/SBU/CourseSiteGenerator/libs/javax.json-1.0.4.jar:/Users/jujubear/Documents/SBU/CourseSiteGenerator/libs/commons-io-2.6/commons-io-2.6.jar:/Users/jujubear/Documents/SBU/CourseSiteGenerator/apps/csg/build/classes
Launcher Type: SUN_STANDARD

Environment Variables:
PATH=/usr/bin:/bin:/usr/sbin:/sbin
LD_LIBRARY_PATH=/Library/Java/JavaVirtualMachines/jdk1.8.0_141.jdk/Contents/Home/jre/lib/amd64:/Library/Java/JavaVirtualMachines/jdk1.8.0_141.jdk/Contents/Home/jre/lib/i386:
SHELL=/bin/bash

Signal Handlers:
SIGSEGV: [libjvm.dylib+0x5b26e5], sa_mask[0]=11111111011111110111111111111111, sa_flags=SA_ONSTACK|SA_RESTART|SA_SIGINFO
SIGBUS: [libjvm.dylib+0x5b26e5], sa_mask[0]=11111111011111110111111111111111, sa_flags=SA_RESTART|SA_SIGINFO
SIGFPE: [libjvm.dylib+0x489100], sa_mask[0]=11111111011111110111111111111111, sa_flags=SA_RESTART|SA_SIGINFO
SIGPIPE: [libjvm.dylib+0x489100], sa_mask[0]=11111111011111110111111111111111, sa_flags=SA_RESTART|SA_SIGINFO
SIGXFSZ: [libjvm.dylib+0x489100], sa_mask[0]=11111111011111110111111111111111, sa_flags=SA_RESTART|SA_SIGINFO
SIGILL: [libjvm.dylib+0x489100], sa_mask[0]=11111111011111110111111111111111, sa_flags=SA_RESTART|SA_SIGINFO
SIGUSR1: SIG_DFL, sa_mask[0]=00000000000000000000000000000000, sa_flags=none
SIGUSR2: [libjvm.dylib+0x488c1e], sa_mask[0]=00100000000000000000000000000000, sa_flags=SA_RESTART|SA_SIGINFO
SIGHUP: [libjvm.dylib+0x4871f5], sa_mask[0]=11111111011111110111111111111111, sa_flags=SA_RESTART|SA_SIGINFO
SIGINT: SIG_IGN, sa_mask[0]=00000000000000000000000000000000, sa_flags=none
SIGTERM: [libjvm.dylib+0x4871f5], sa_mask[0]=11111111011111110111111111111111, sa_flags=SA_RESTART|SA_SIGINFO
SIGQUIT: [libjvm.dylib+0x4871f5], sa_mask[0]=11111111011111110111111111111111, sa_flags=SA_RESTART|SA_SIGINFO


---------------  S Y S T E M  ---------------

OS:Bsduname:Darwin 18.2.0 Darwin Kernel Version 18.2.0: Fri Oct  5 19:41:49 PDT 2018; root:xnu-4903.221.2~2/RELEASE_X86_64 x86_64
rlimit: STACK 8192k, CORE 0k, NPROC 1418, NOFILE 10240, AS infinity
load average:2.48 2.10 1.96

CPU:total 8 (initial active 8) (4 cores per cpu, 2 threads per core) family 6 model 158 stepping 9, cmov, cx8, fxsr, mmx, sse, sse2, sse3, ssse3, sse4.1, sse4.2, popcnt, avx, avx2, aes, clmul, erms, rtm, 3dnowpref, lzcnt, ht, tsc, tscinvbit, bmi1, bmi2, adx

Memory: 4k page, physical 16777216k(422620k free)

/proc/meminfo:


vm_info: Java HotSpot(TM) 64-Bit Server VM (25.141-b15) for bsd-amd64 JRE (1.8.0_141-b15), built on Jul 12 2017 04:35:23 by "java_re" with gcc 4.2.1 (Based on Apple Inc. build 5658) (LLVM build 2336.11.00)

time: Sat Dec  8 23:26:02 2018
elapsed time: 8 seconds (0d 0h 0m 8s)

